2022/09/09 01:03:48 [notice] 1#1: using the "epoll" event method
2022/09/09 01:03:48 [notice] 1#1: nginx/1.23.1
2022/09/09 01:03:48 [notice] 1#1: built by gcc 11.2.1 20220219 (Alpine 11.2.1_git20220219) 
2022/09/09 01:03:48 [notice] 1#1: OS: Linux 5.10.25-linuxkit
2022/09/09 01:03:48 [notice] 1#1: getrlimit(RLIMIT_NOFILE): 1048576:1048576
2022/09/09 01:03:48 [notice] 1#1: start worker processes
2022/09/09 01:03:48 [notice] 1#1: start worker process 31
2022/09/09 01:03:48 [notice] 1#1: start worker process 32
2022/09/09 01:03:48 [notice] 1#1: start worker process 33
2022/09/09 01:03:48 [notice] 1#1: start worker process 34
2022/09/09 01:04:14 [notice] 1#1: signal 3 (SIGQUIT) received, shutting down
2022/09/09 01:04:14 [notice] 31#31: gracefully shutting down
2022/09/09 01:04:14 [notice] 33#33: gracefully shutting down
2022/09/09 01:04:14 [notice] 33#33: exiting
2022/09/09 01:04:14 [notice] 34#34: gracefully shutting down
2022/09/09 01:04:14 [notice] 34#34: exiting
2022/09/09 01:04:14 [notice] 32#32: gracefully shutting down
2022/09/09 01:04:14 [notice] 33#33: exit
2022/09/09 01:04:14 [notice] 34#34: exit
2022/09/09 01:04:14 [notice] 32#32: exiting
2022/09/09 01:04:14 [notice] 32#32: exit
2022/09/09 01:04:14 [notice] 1#1: signal 17 (SIGCHLD) received from 33
2022/09/09 01:04:14 [notice] 1#1: worker process 33 exited with code 0
2022/09/09 01:04:14 [notice] 1#1: signal 29 (SIGIO) received
2022/09/09 01:04:14 [notice] 1#1: signal 17 (SIGCHLD) received from 34
2022/09/09 01:04:14 [notice] 1#1: worker process 34 exited with code 0
2022/09/09 01:04:14 [notice] 1#1: signal 29 (SIGIO) received
2022/09/09 01:04:14 [notice] 1#1: signal 17 (SIGCHLD) received from 32
2022/09/09 01:04:14 [notice] 1#1: worker process 32 exited with code 0
2022/09/09 01:04:14 [notice] 1#1: signal 29 (SIGIO) received
2022/10/04 16:24:23 [notice] 1#1: using the "epoll" event method
2022/10/04 16:24:23 [notice] 1#1: nginx/1.23.1
2022/10/04 16:24:23 [notice] 1#1: built by gcc 11.2.1 20220219 (Alpine 11.2.1_git20220219) 
2022/10/04 16:24:23 [notice] 1#1: OS: Linux 5.10.124-linuxkit
2022/10/04 16:24:23 [notice] 1#1: getrlimit(RLIMIT_NOFILE): 1048576:1048576
2022/10/04 16:24:23 [notice] 1#1: start worker processes
2022/10/04 16:24:23 [notice] 1#1: start worker process 31
2022/10/04 16:24:23 [notice] 1#1: start worker process 32
2022/10/04 16:24:23 [notice] 1#1: start worker process 33
2022/10/04 16:24:23 [notice] 1#1: start worker process 34
2022/10/04 16:32:42 [error] 32#32: *2 "/var/www/html/index.php" is not found (2: No such file or directory), client: 172.22.0.1, server: , request: "GET / HTTP/1.1", host: "localhost:4000"
2022/10/04 16:32:42 [error] 32#32: *2 open() "/var/www/html/favicon.ico" failed (2: No such file or directory), client: 172.22.0.1, server: , request: "GET /favicon.ico HTTP/1.1", host: "localhost:4000", referrer: "http://localhost:4000/"
2022/10/04 16:34:51 [notice] 1#1: signal 3 (SIGQUIT) received, shutting down
2022/10/04 16:34:51 [notice] 32#32: gracefully shutting down
2022/10/04 16:34:51 [notice] 33#33: gracefully shutting down
2022/10/04 16:34:51 [notice] 33#33: exiting
2022/10/04 16:34:51 [notice] 31#31: gracefully shutting down
2022/10/04 16:34:51 [notice] 34#34: gracefully shutting down
2022/10/04 16:34:51 [notice] 34#34: exiting
2022/10/04 16:34:51 [notice] 32#32: exiting
2022/10/04 16:34:51 [notice] 32#32: exit
2022/10/04 16:34:51 [notice] 33#33: exit
2022/10/04 16:34:51 [notice] 31#31: exiting
2022/10/04 16:34:51 [notice] 34#34: exit
2022/10/04 16:34:51 [notice] 31#31: exit
2022/10/04 16:34:51 [notice] 1#1: signal 17 (SIGCHLD) received from 32
2022/10/04 16:34:51 [notice] 1#1: worker process 32 exited with code 0
2022/10/04 16:34:51 [notice] 1#1: worker process 33 exited with code 0
2022/10/04 16:34:51 [notice] 1#1: signal 29 (SIGIO) received
2022/10/04 16:34:51 [notice] 1#1: signal 17 (SIGCHLD) received from 34
2022/10/04 16:34:51 [notice] 1#1: worker process 31 exited with code 0
2022/10/04 16:34:51 [notice] 1#1: worker process 34 exited with code 0
2022/10/04 16:34:51 [notice] 1#1: exit
2022/10/04 18:13:17 [notice] 1#1: using the "epoll" event method
2022/10/04 18:13:17 [notice] 1#1: nginx/1.23.1
2022/10/04 18:13:17 [notice] 1#1: built by gcc 11.2.1 20220219 (Alpine 11.2.1_git20220219) 
2022/10/04 18:13:17 [notice] 1#1: OS: Linux 5.10.124-linuxkit
2022/10/04 18:13:17 [notice] 1#1: getrlimit(RLIMIT_NOFILE): 1048576:1048576
2022/10/04 18:13:17 [notice] 1#1: start worker processes
2022/10/04 18:13:17 [notice] 1#1: start worker process 31
2022/10/04 18:13:17 [notice] 1#1: start worker process 32
2022/10/04 18:13:17 [notice] 1#1: start worker process 33
2022/10/04 18:13:17 [notice] 1#1: start worker process 34
2022/10/04 18:13:44 [notice] 1#1: signal 3 (SIGQUIT) received, shutting down
2022/10/04 18:13:44 [notice] 31#31: gracefully shutting down
2022/10/04 18:13:44 [notice] 31#31: exiting
2022/10/04 18:13:44 [notice] 33#33: gracefully shutting down
2022/10/04 18:13:44 [notice] 33#33: exiting
2022/10/04 18:13:44 [notice] 32#32: gracefully shutting down
2022/10/04 18:13:44 [notice] 34#34: gracefully shutting down
2022/10/04 18:13:44 [notice] 34#34: exiting
2022/10/04 18:13:44 [notice] 31#31: exit
2022/10/04 18:13:44 [notice] 33#33: exit
2022/10/04 18:13:44 [notice] 32#32: exiting
2022/10/04 18:13:44 [notice] 34#34: exit
2022/10/04 18:13:44 [notice] 32#32: exit
2022/10/04 18:13:44 [notice] 1#1: signal 17 (SIGCHLD) received from 34
2022/10/04 18:13:44 [notice] 1#1: worker process 31 exited with code 0
2022/10/04 18:13:44 [notice] 1#1: worker process 33 exited with code 0
2022/10/04 18:13:44 [notice] 1#1: worker process 34 exited with code 0
2022/10/04 18:13:44 [notice] 1#1: signal 29 (SIGIO) received
2022/10/04 18:13:44 [notice] 1#1: signal 17 (SIGCHLD) received from 32
2022/10/04 18:13:44 [notice] 1#1: worker process 32 exited with code 0
2022/10/04 18:13:44 [notice] 1#1: exit
